<?xml version="1.0" encoding="UTF-8"?>
<!-- Generated by org.testng.reporters.JUnitXMLReporter -->
<testsuite hostname="KAVIYAZHINI" ignored="0" name="Test" tests="1" failures="1" timestamp="01 Nov 2018 08:26:21 GMT" time="16.941" errors="0">
  <testcase name="loginApp" time="10.176" classname="com.cashkaro.test.TestCases">
    <failure type="junit.framework.ComparisonFailure" message="expected:&amp;lt;shivavelu@gmail.com&amp;gt; but was:&amp;lt;null&amp;gt;">
      <![CDATA[junit.framework.ComparisonFailure: expected:<shivavelu@gmail.com> but was:<null>
	at junit.framework.Assert.assertEquals(Assert.java:81)
	at junit.framework.Assert.assertEquals(Assert.java:87)
	at com.cashkaro.test.TestCases.loginApp(TestCases.java:31)
... Removed 25 stack frames]]>
    </failure>
  </testcase> <!-- loginApp -->
</testsuite> <!-- Test -->
